Traceback (most recent call last):
  File "/Users/admin/anaconda3/envs/jupyterbook/lib/python3.11/site-packages/jupyter_cache/executors/utils.py", line 58, in single_nb_execution
    executenb(
  File "/Users/admin/anaconda3/envs/jupyterbook/lib/python3.11/site-packages/nbclient/client.py", line 1305, in execute
    return NotebookClient(nb=nb, resources=resources, km=km, **kwargs).execute()
           ^^^^^^^^^^^^^^^^^^^^^^^^^^^^^^^^^^^^^^^^^^^^^^^^^^^^^^^^^^^^^^^^^^^^^
  File "/Users/admin/anaconda3/envs/jupyterbook/lib/python3.11/site-packages/jupyter_core/utils/__init__.py", line 166, in wrapped
    return loop.run_until_complete(inner)
           ^^^^^^^^^^^^^^^^^^^^^^^^^^^^^^
  File "/Users/admin/anaconda3/envs/jupyterbook/lib/python3.11/asyncio/base_events.py", line 653, in run_until_complete
    return future.result()
           ^^^^^^^^^^^^^^^
  File "/Users/admin/anaconda3/envs/jupyterbook/lib/python3.11/site-packages/nbclient/client.py", line 705, in async_execute
    await self.async_execute_cell(
  File "/Users/admin/anaconda3/envs/jupyterbook/lib/python3.11/site-packages/nbclient/client.py", line 1058, in async_execute_cell
    await self._check_raise_for_error(cell, cell_index, exec_reply)
  File "/Users/admin/anaconda3/envs/jupyterbook/lib/python3.11/site-packages/nbclient/client.py", line 914, in _check_raise_for_error
    raise CellExecutionError.from_cell_and_msg(cell, exec_reply_content)
nbclient.exceptions.CellExecutionError: An error occurred while executing the following cell:
------------------
import plotly.graph_objs as go
import plotly.express as px
import pandas as pd

df = pd.read_csv('../datasets/productie_nederland_broeikas.csv')
df['Uitstoot broeikasgassen (1995 = 100)'] = df['Uitstoot broeikasgassen (1995 = 100)'].str.replace(',','.').astype(float)
df_sorted = df.sort_values('Uitstoot broeikasgassen (1995 = 100)', ascending=True)

df['Totaal productievolume (1995 = 100)'] = df['Totaal productievolume (1995 = 100)'].str.replace(',','.').astype(float)
df_sorted = df.sort_values('Totaal productievolume (1995 = 100)', ascending=True)

df['Plantaardig productievolume (1995 = 100)'] = df['Plantaardig productievolume (1995 = 100)'].str.replace(',','.').astype(float)
df_sorted = df.sort_values('Plantaardig productievolume (1995 = 100)', ascending=True)

df['Dierlijk productievolume (1995 = 100)'] = df['Dierlijk productievolume (1995 = 100)'].str.replace(',','.').astype(float)
df_sorted = df.sort_values('Dierlijk productievolume (1995 = 100)', ascending=True)

trace_1 = go.Scatter(
    name = 'uitstoot broeikasgas',
    x = df['Jaar'],
    y = df['Uitstoot broeikasgassen (1995 = 100)']
)

trace_2 = go.Bar(
    name = 'totaal productie volume',
    x = df['Jaar'],
    y = df['Totaal productievolume (1995 = 100)']
)

trace_3 = go.Bar(
    name = 'Plantaardig productie volume',
    x = df['Jaar'],
    y = df['Plantaardig productievolume (1995 = 100)']
)

trace_4 = go.Bar(
    name = 'Dierlijk productie volume',
    x = df['Jaar'],
    y = df['Dierlijk productievolume (1995 = 100)']
)

layout = go.Layout(
    height= 400,
    title = 'Uitstoot van broeikasgassen en grootte van productie argrarische sector, in Nederland ten opzichte van 1995',
    yaxis=dict(title='Volume t.o.v. 1995'),
    xaxis=dict(title='Jaren'),
)

fig = go.Figure(data=[trace_2, trace_1], layout=layout)

fig.show()
------------------


[0;31m---------------------------------------------------------------------------[0m
[0;31mFileNotFoundError[0m                         Traceback (most recent call last)
Cell [0;32mIn[5], line 5[0m
[1;32m      2[0m [38;5;28;01mimport[39;00m [38;5;21;01mplotly[39;00m[38;5;21;01m.[39;00m[38;5;21;01mexpress[39;00m [38;5;28;01mas[39;00m [38;5;21;01mpx[39;00m
[1;32m      3[0m [38;5;28;01mimport[39;00m [38;5;21;01mpandas[39;00m [38;5;28;01mas[39;00m [38;5;21;01mpd[39;00m
[0;32m----> 5[0m df [38;5;241m=[39m [43mpd[49m[38;5;241;43m.[39;49m[43mread_csv[49m[43m([49m[38;5;124;43m'[39;49m[38;5;124;43m../datasets/productie_nederland_broeikas.csv[39;49m[38;5;124;43m'[39;49m[43m)[49m
[1;32m      6[0m df[[38;5;124m'[39m[38;5;124mUitstoot broeikasgassen (1995 = 100)[39m[38;5;124m'[39m] [38;5;241m=[39m df[[38;5;124m'[39m[38;5;124mUitstoot broeikasgassen (1995 = 100)[39m[38;5;124m'[39m][38;5;241m.[39mstr[38;5;241m.[39mreplace([38;5;124m'[39m[38;5;124m,[39m[38;5;124m'[39m,[38;5;124m'[39m[38;5;124m.[39m[38;5;124m'[39m)[38;5;241m.[39mastype([38;5;28mfloat[39m)
[1;32m      7[0m df_sorted [38;5;241m=[39m df[38;5;241m.[39msort_values([38;5;124m'[39m[38;5;124mUitstoot broeikasgassen (1995 = 100)[39m[38;5;124m'[39m, ascending[38;5;241m=[39m[38;5;28;01mTrue[39;00m)

File [0;32m~/anaconda3/envs/jupyterbook/lib/python3.11/site-packages/pandas/io/parsers/readers.py:912[0m, in [0;36mread_csv[0;34m(filepath_or_buffer, sep, delimiter, header, names, index_col, usecols, dtype, engine, converters, true_values, false_values, skipinitialspace, skiprows, skipfooter, nrows, na_values, keep_default_na, na_filter, verbose, skip_blank_lines, parse_dates, infer_datetime_format, keep_date_col, date_parser, date_format, dayfirst, cache_dates, iterator, chunksize, compression, thousands, decimal, lineterminator, quotechar, quoting, doublequote, escapechar, comment, encoding, encoding_errors, dialect, on_bad_lines, delim_whitespace, low_memory, memory_map, float_precision, storage_options, dtype_backend)[0m
[1;32m    899[0m kwds_defaults [38;5;241m=[39m _refine_defaults_read(
[1;32m    900[0m     dialect,
[1;32m    901[0m     delimiter,
[0;32m   (...)[0m
[1;32m    908[0m     dtype_backend[38;5;241m=[39mdtype_backend,
[1;32m    909[0m )
[1;32m    910[0m kwds[38;5;241m.[39mupdate(kwds_defaults)
[0;32m--> 912[0m [38;5;28;01mreturn[39;00m [43m_read[49m[43m([49m[43mfilepath_or_buffer[49m[43m,[49m[43m [49m[43mkwds[49m[43m)[49m

File [0;32m~/anaconda3/envs/jupyterbook/lib/python3.11/site-packages/pandas/io/parsers/readers.py:577[0m, in [0;36m_read[0;34m(filepath_or_buffer, kwds)[0m
[1;32m    574[0m _validate_names(kwds[38;5;241m.[39mget([38;5;124m"[39m[38;5;124mnames[39m[38;5;124m"[39m, [38;5;28;01mNone[39;00m))
[1;32m    576[0m [38;5;66;03m# Create the parser.[39;00m
[0;32m--> 577[0m parser [38;5;241m=[39m [43mTextFileReader[49m[43m([49m[43mfilepath_or_buffer[49m[43m,[49m[43m [49m[38;5;241;43m*[39;49m[38;5;241;43m*[39;49m[43mkwds[49m[43m)[49m
[1;32m    579[0m [38;5;28;01mif[39;00m chunksize [38;5;129;01mor[39;00m iterator:
[1;32m    580[0m     [38;5;28;01mreturn[39;00m parser

File [0;32m~/anaconda3/envs/jupyterbook/lib/python3.11/site-packages/pandas/io/parsers/readers.py:1407[0m, in [0;36mTextFileReader.__init__[0;34m(self, f, engine, **kwds)[0m
[1;32m   1404[0m     [38;5;28mself[39m[38;5;241m.[39moptions[[38;5;124m"[39m[38;5;124mhas_index_names[39m[38;5;124m"[39m] [38;5;241m=[39m kwds[[38;5;124m"[39m[38;5;124mhas_index_names[39m[38;5;124m"[39m]
[1;32m   1406[0m [38;5;28mself[39m[38;5;241m.[39mhandles: IOHandles [38;5;241m|[39m [38;5;28;01mNone[39;00m [38;5;241m=[39m [38;5;28;01mNone[39;00m
[0;32m-> 1407[0m [38;5;28mself[39m[38;5;241m.[39m_engine [38;5;241m=[39m [38;5;28;43mself[39;49m[38;5;241;43m.[39;49m[43m_make_engine[49m[43m([49m[43mf[49m[43m,[49m[43m [49m[38;5;28;43mself[39;49m[38;5;241;43m.[39;49m[43mengine[49m[43m)[49m

File [0;32m~/anaconda3/envs/jupyterbook/lib/python3.11/site-packages/pandas/io/parsers/readers.py:1661[0m, in [0;36mTextFileReader._make_engine[0;34m(self, f, engine)[0m
[1;32m   1659[0m     [38;5;28;01mif[39;00m [38;5;124m"[39m[38;5;124mb[39m[38;5;124m"[39m [38;5;129;01mnot[39;00m [38;5;129;01min[39;00m mode:
[1;32m   1660[0m         mode [38;5;241m+[39m[38;5;241m=[39m [38;5;124m"[39m[38;5;124mb[39m[38;5;124m"[39m
[0;32m-> 1661[0m [38;5;28mself[39m[38;5;241m.[39mhandles [38;5;241m=[39m [43mget_handle[49m[43m([49m
[1;32m   1662[0m [43m    [49m[43mf[49m[43m,[49m
[1;32m   1663[0m [43m    [49m[43mmode[49m[43m,[49m
[1;32m   1664[0m [43m    [49m[43mencoding[49m[38;5;241;43m=[39;49m[38;5;28;43mself[39;49m[38;5;241;43m.[39;49m[43moptions[49m[38;5;241;43m.[39;49m[43mget[49m[43m([49m[38;5;124;43m"[39;49m[38;5;124;43mencoding[39;49m[38;5;124;43m"[39;49m[43m,[49m[43m [49m[38;5;28;43;01mNone[39;49;00m[43m)[49m[43m,[49m
[1;32m   1665[0m [43m    [49m[43mcompression[49m[38;5;241;43m=[39;49m[38;5;28;43mself[39;49m[38;5;241;43m.[39;49m[43moptions[49m[38;5;241;43m.[39;49m[43mget[49m[43m([49m[38;5;124;43m"[39;49m[38;5;124;43mcompression[39;49m[38;5;124;43m"[39;49m[43m,[49m[43m [49m[38;5;28;43;01mNone[39;49;00m[43m)[49m[43m,[49m
[1;32m   1666[0m [43m    [49m[43mmemory_map[49m[38;5;241;43m=[39;49m[38;5;28;43mself[39;49m[38;5;241;43m.[39;49m[43moptions[49m[38;5;241;43m.[39;49m[43mget[49m[43m([49m[38;5;124;43m"[39;49m[38;5;124;43mmemory_map[39;49m[38;5;124;43m"[39;49m[43m,[49m[43m [49m[38;5;28;43;01mFalse[39;49;00m[43m)[49m[43m,[49m
[1;32m   1667[0m [43m    [49m[43mis_text[49m[38;5;241;43m=[39;49m[43mis_text[49m[43m,[49m
[1;32m   1668[0m [43m    [49m[43merrors[49m[38;5;241;43m=[39;49m[38;5;28;43mself[39;49m[38;5;241;43m.[39;49m[43moptions[49m[38;5;241;43m.[39;49m[43mget[49m[43m([49m[38;5;124;43m"[39;49m[38;5;124;43mencoding_errors[39;49m[38;5;124;43m"[39;49m[43m,[49m[43m [49m[38;5;124;43m"[39;49m[38;5;124;43mstrict[39;49m[38;5;124;43m"[39;49m[43m)[49m[43m,[49m
[1;32m   1669[0m [43m    [49m[43mstorage_options[49m[38;5;241;43m=[39;49m[38;5;28;43mself[39;49m[38;5;241;43m.[39;49m[43moptions[49m[38;5;241;43m.[39;49m[43mget[49m[43m([49m[38;5;124;43m"[39;49m[38;5;124;43mstorage_options[39;49m[38;5;124;43m"[39;49m[43m,[49m[43m [49m[38;5;28;43;01mNone[39;49;00m[43m)[49m[43m,[49m
[1;32m   1670[0m [43m[49m[43m)[49m
[1;32m   1671[0m [38;5;28;01massert[39;00m [38;5;28mself[39m[38;5;241m.[39mhandles [38;5;129;01mis[39;00m [38;5;129;01mnot[39;00m [38;5;28;01mNone[39;00m
[1;32m   1672[0m f [38;5;241m=[39m [38;5;28mself[39m[38;5;241m.[39mhandles[38;5;241m.[39mhandle

File [0;32m~/anaconda3/envs/jupyterbook/lib/python3.11/site-packages/pandas/io/common.py:859[0m, in [0;36mget_handle[0;34m(path_or_buf, mode, encoding, compression, memory_map, is_text, errors, storage_options)[0m
[1;32m    854[0m [38;5;28;01melif[39;00m [38;5;28misinstance[39m(handle, [38;5;28mstr[39m):
[1;32m    855[0m     [38;5;66;03m# Check whether the filename is to be opened in binary mode.[39;00m
[1;32m    856[0m     [38;5;66;03m# Binary mode does not support 'encoding' and 'newline'.[39;00m
[1;32m    857[0m     [38;5;28;01mif[39;00m ioargs[38;5;241m.[39mencoding [38;5;129;01mand[39;00m [38;5;124m"[39m[38;5;124mb[39m[38;5;124m"[39m [38;5;129;01mnot[39;00m [38;5;129;01min[39;00m ioargs[38;5;241m.[39mmode:
[1;32m    858[0m         [38;5;66;03m# Encoding[39;00m
[0;32m--> 859[0m         handle [38;5;241m=[39m [38;5;28;43mopen[39;49m[43m([49m
[1;32m    860[0m [43m            [49m[43mhandle[49m[43m,[49m
[1;32m    861[0m [43m            [49m[43mioargs[49m[38;5;241;43m.[39;49m[43mmode[49m[43m,[49m
[1;32m    862[0m [43m            [49m[43mencoding[49m[38;5;241;43m=[39;49m[43mioargs[49m[38;5;241;43m.[39;49m[43mencoding[49m[43m,[49m
[1;32m    863[0m [43m            [49m[43merrors[49m[38;5;241;43m=[39;49m[43merrors[49m[43m,[49m
[1;32m    864[0m [43m            [49m[43mnewline[49m[38;5;241;43m=[39;49m[38;5;124;43m"[39;49m[38;5;124;43m"[39;49m[43m,[49m
[1;32m    865[0m [43m        [49m[43m)[49m
[1;32m    866[0m     [38;5;28;01melse[39;00m:
[1;32m    867[0m         [38;5;66;03m# Binary mode[39;00m
[1;32m    868[0m         handle [38;5;241m=[39m [38;5;28mopen[39m(handle, ioargs[38;5;241m.[39mmode)

[0;31mFileNotFoundError[0m: [Errno 2] No such file or directory: '../datasets/productie_nederland_broeikas.csv'

